
> @saas-pos/mobile@0.0.1 typecheck
> tsc --noEmit

app/(tabs)/index.tsx(98,11): error TS2322: Type '{ data: Item[]; keyExtractor: (i: Item) => string; estimatedItemSize: number; renderItem: ({ item }: ListRenderItemInfo<Item>) => Element; ItemSeparatorComponent: () => Element; ListEmptyComponent: Element; }' is not assignable to type 'IntrinsicAttributes & FlashListProps<Item> & { ref?: Ref<FlashListRef<Item>> | undefined; }'.
  Property 'estimatedItemSize' does not exist on type 'IntrinsicAttributes & FlashListProps<Item> & { ref?: Ref<FlashListRef<Item>> | undefined; }'.
app/(tabs)/orders.tsx(70,11): error TS2322: Type '{ data: Order[]; keyExtractor: (o: Order) => string; estimatedItemSize: number; renderItem: ({ item }: ListRenderItemInfo<Order>) => Element; ItemSeparatorComponent: () => Element; ListEmptyComponent: Element; }' is not assignable to type 'IntrinsicAttributes & FlashListProps<Order> & { ref?: Ref<FlashListRef<Order>> | undefined; }'.
  Property 'estimatedItemSize' does not exist on type 'IntrinsicAttributes & FlashListProps<Order> & { ref?: Ref<FlashListRef<Order>> | undefined; }'.
app/index.tsx(143,11): error TS2322: Type '{ data: Item[]; keyExtractor: (item: Item) => string; estimatedItemSize: number; renderItem: ({ item }: ListRenderItemInfo<Item>) => Element; ListEmptyComponent: Element; contentContainerStyle: { ...; }; ItemSeparatorComponent: () => Element; }' is not assignable to type 'IntrinsicAttributes & FlashListProps<Item> & { ref?: Ref<FlashListRef<Item>> | undefined; }'.
  Property 'estimatedItemSize' does not exist on type 'IntrinsicAttributes & FlashListProps<Item> & { ref?: Ref<FlashListRef<Item>> | undefined; }'.
src/hooks/useCheckout.ts(45,47): error TS2345: Argument of type 'AbstractPowerSyncDatabase' is not assignable to parameter of type 'PowerSyncDatabase'.
  Property 'openDBAdapter' is protected but type 'AbstractPowerSyncDatabase' is not a class derived from 'PowerSyncDatabase'.
src/hooks/useCheckout.ts(46,46): error TS2345: Argument of type 'AbstractPowerSyncDatabase' is not assignable to parameter of type 'PowerSyncDatabase'.
  Property 'openDBAdapter' is protected but type 'AbstractPowerSyncDatabase' is not a class derived from 'PowerSyncDatabase'.
src/hooks/useCheckout.ts(47,48): error TS2345: Argument of type 'AbstractPowerSyncDatabase' is not assignable to parameter of type 'PowerSyncDatabase'.
  Property 'openDBAdapter' is protected but type 'AbstractPowerSyncDatabase' is not a class derived from 'PowerSyncDatabase'.
src/hooks/useItems.ts(27,11): error TS2339: Property 'data' does not exist on type 'RawItemRow[]'.
src/hooks/useItems.ts(37,28): error TS7006: Parameter 'row' implicitly has an 'any' type.
src/hooks/useOrders.ts(16,11): error TS2339: Property 'data' does not exist on type 'RawOrderRow[]'.
src/hooks/useOrders.ts(26,28): error TS7006: Parameter 'row' implicitly has an 'any' type.
src/hooks/useTenant.ts(16,11): error TS2339: Property 'data' does not exist on type 'RawTenantRow[]'.
src/providers/AppProvider.tsx(111,7): error TS2322: Type 'React.ReactNode' is not assignable to type 'import("C:/Users/user/Desktop/saas/node_modules/@types/react/index").ReactNode'.
  Type 'bigint' is not assignable to type 'ReactNode'.
../../packages/sync/src/powersync-schema.ts(16,5): error TS2322: Type 'Column' is not assignable to type 'BaseColumnType<any>'.
  Types of property 'type' are incompatible.
    Type 'ColumnType | undefined' is not assignable to type 'ColumnType'.
      Type 'undefined' is not assignable to type 'ColumnType'.
../../packages/sync/src/powersync-schema.ts(16,33): error TS2345: Argument of type '{ type: ColumnType.TEXT; }' is not assignable to parameter of type 'ColumnOptions'.
  Property 'name' is missing in type '{ type: ColumnType.TEXT; }' but required in type 'ColumnOptions'.
../../packages/sync/src/powersync-schema.ts(17,5): error TS2322: Type 'Column' is not assignable to type 'BaseColumnType<any>'.
  Types of property 'type' are incompatible.
    Type 'ColumnType | undefined' is not assignable to type 'ColumnType'.
      Type 'undefined' is not assignable to type 'ColumnType'.
../../packages/sync/src/powersync-schema.ts(17,33): error TS2345: Argument of type '{ type: ColumnType.TEXT; }' is not assignable to parameter of type 'ColumnOptions'.
  Property 'name' is missing in type '{ type: ColumnType.TEXT; }' but required in type 'ColumnOptions'.
../../packages/sync/src/powersync-schema.ts(18,5): error TS2322: Type 'Column' is not assignable to type 'BaseColumnType<any>'.
  Types of property 'type' are incompatible.
    Type 'ColumnType | undefined' is not assignable to type 'ColumnType'.
      Type 'undefined' is not assignable to type 'ColumnType'.
../../packages/sync/src/powersync-schema.ts(18,33): error TS2345: Argument of type '{ type: ColumnType.TEXT; }' is not assignable to parameter of type 'ColumnOptions'.
  Property 'name' is missing in type '{ type: ColumnType.TEXT; }' but required in type 'ColumnOptions'.
../../packages/sync/src/powersync-schema.ts(19,5): error TS2322: Type 'Column' is not assignable to type 'BaseColumnType<any>'.
  Types of property 'type' are incompatible.
    Type 'ColumnType | undefined' is not assignable to type 'ColumnType'.
      Type 'undefined' is not assignable to type 'ColumnType'.
../../packages/sync/src/powersync-schema.ts(19,33): error TS2345: Argument of type '{ type: ColumnType.TEXT; }' is not assignable to parameter of type 'ColumnOptions'.
  Property 'name' is missing in type '{ type: ColumnType.TEXT; }' but required in type 'ColumnOptions'.
../../packages/sync/src/powersync-schema.ts(20,5): error TS2322: Type 'Column' is not assignable to type 'BaseColumnType<any>'.
  Types of property 'type' are incompatible.
    Type 'ColumnType | undefined' is not assignable to type 'ColumnType'.
      Type 'undefined' is not assignable to type 'ColumnType'.
../../packages/sync/src/powersync-schema.ts(20,33): error TS2345: Argument of type '{ type: ColumnType.TEXT; }' is not assignable to parameter of type 'ColumnOptions'.
  Property 'name' is missing in type '{ type: ColumnType.TEXT; }' but required in type 'ColumnOptions'.
../../packages/sync/src/powersync-schema.ts(21,5): error TS2322: Type 'Column' is not assignable to type 'BaseColumnType<any>'.
  Types of property 'type' are incompatible.
    Type 'ColumnType | undefined' is not assignable to type 'ColumnType'.
      Type 'undefined' is not assignable to type 'ColumnType'.
../../packages/sync/src/powersync-schema.ts(21,33): error TS2345: Argument of type '{ type: ColumnType.TEXT; }' is not assignable to parameter of type 'ColumnOptions'.
  Property 'name' is missing in type '{ type: ColumnType.TEXT; }' but required in type 'ColumnOptions'.
../../packages/sync/src/powersync-schema.ts(22,5): error TS2322: Type 'Column' is not assignable to type 'BaseColumnType<any>'.
  Types of property 'type' are incompatible.
    Type 'ColumnType | undefined' is not assignable to type 'ColumnType'.
      Type 'undefined' is not assignable to type 'ColumnType'.
../../packages/sync/src/powersync-schema.ts(22,33): error TS2345: Argument of type '{ type: ColumnType.TEXT; }' is not assignable to parameter of type 'ColumnOptions'.
  Property 'name' is missing in type '{ type: ColumnType.TEXT; }' but required in type 'ColumnOptions'.
../../packages/sync/src/powersync-schema.ts(29,5): error TS2322: Type 'Column' is not assignable to type 'BaseColumnType<any>'.
  Types of property 'type' are incompatible.
    Type 'ColumnType | undefined' is not assignable to type 'ColumnType'.
      Type 'undefined' is not assignable to type 'ColumnType'.
../../packages/sync/src/powersync-schema.ts(29,31): error TS2345: Argument of type '{ type: ColumnType.TEXT; }' is not assignable to parameter of type 'ColumnOptions'.
  Property 'name' is missing in type '{ type: ColumnType.TEXT; }' but required in type 'ColumnOptions'.
../../packages/sync/src/powersync-schema.ts(30,5): error TS2322: Type 'Column' is not assignable to type 'BaseColumnType<any>'.
  Types of property 'type' are incompatible.
    Type 'ColumnType | undefined' is not assignable to type 'ColumnType'.
      Type 'undefined' is not assignable to type 'ColumnType'.
../../packages/sync/src/powersync-schema.ts(30,31): error TS2345: Argument of type '{ type: ColumnType.TEXT; }' is not assignable to parameter of type 'ColumnOptions'.
  Property 'name' is missing in type '{ type: ColumnType.TEXT; }' but required in type 'ColumnOptions'.
../../packages/sync/src/powersync-schema.ts(31,5): error TS2322: Type 'Column' is not assignable to type 'BaseColumnType<any>'.
  Types of property 'type' are incompatible.
    Type 'ColumnType | undefined' is not assignable to type 'ColumnType'.
      Type 'undefined' is not assignable to type 'ColumnType'.
../../packages/sync/src/powersync-schema.ts(31,31): error TS2345: Argument of type '{ type: ColumnType.TEXT; }' is not assignable to parameter of type 'ColumnOptions'.
  Property 'name' is missing in type '{ type: ColumnType.TEXT; }' but required in type 'ColumnOptions'.
../../packages/sync/src/powersync-schema.ts(32,5): error TS2322: Type 'Column' is not assignable to type 'BaseColumnType<any>'.
  Types of property 'type' are incompatible.
    Type 'ColumnType | undefined' is not assignable to type 'ColumnType'.
      Type 'undefined' is not assignable to type 'ColumnType'.
../../packages/sync/src/powersync-schema.ts(32,31): error TS2345: Argument of type '{ type: ColumnType.TEXT; }' is not assignable to parameter of type 'ColumnOptions'.
  Property 'name' is missing in type '{ type: ColumnType.TEXT; }' but required in type 'ColumnOptions'.
../../packages/sync/src/powersync-schema.ts(33,5): error TS2322: Type 'Column' is not assignable to type 'BaseColumnType<any>'.
  Types of property 'type' are incompatible.
    Type 'ColumnType | undefined' is not assignable to type 'ColumnType'.
      Type 'undefined' is not assignable to type 'ColumnType'.
../../packages/sync/src/powersync-schema.ts(33,31): error TS2345: Argument of type '{ type: ColumnType.TEXT; }' is not assignable to parameter of type 'ColumnOptions'.
  Property 'name' is missing in type '{ type: ColumnType.TEXT; }' but required in type 'ColumnOptions'.
../../packages/sync/src/powersync-schema.ts(34,5): error TS2322: Type 'Column' is not assignable to type 'BaseColumnType<any>'.
  Types of property 'type' are incompatible.
    Type 'ColumnType | undefined' is not assignable to type 'ColumnType'.
      Type 'undefined' is not assignable to type 'ColumnType'.
../../packages/sync/src/powersync-schema.ts(34,31): error TS2345: Argument of type '{ type: ColumnType.TEXT; }' is not assignable to parameter of type 'ColumnOptions'.
  Property 'name' is missing in type '{ type: ColumnType.TEXT; }' but required in type 'ColumnOptions'.
../../packages/sync/src/powersync-schema.ts(35,5): error TS2322: Type 'Column' is not assignable to type 'BaseColumnType<any>'.
  Types of property 'type' are incompatible.
    Type 'ColumnType | undefined' is not assignable to type 'ColumnType'.
      Type 'undefined' is not assignable to type 'ColumnType'.
../../packages/sync/src/powersync-schema.ts(35,31): error TS2345: Argument of type '{ type: ColumnType.TEXT; }' is not assignable to parameter of type 'ColumnOptions'.
  Property 'name' is missing in type '{ type: ColumnType.TEXT; }' but required in type 'ColumnOptions'.
../../packages/sync/src/powersync-schema.ts(42,5): error TS2322: Type 'Column' is not assignable to type 'BaseColumnType<any>'.
  Types of property 'type' are incompatible.
    Type 'ColumnType | undefined' is not assignable to type 'ColumnType'.
      Type 'undefined' is not assignable to type 'ColumnType'.
../../packages/sync/src/powersync-schema.ts(42,28): error TS2345: Argument of type '{ type: ColumnType.TEXT; }' is not assignable to parameter of type 'ColumnOptions'.
  Property 'name' is missing in type '{ type: ColumnType.TEXT; }' but required in type 'ColumnOptions'.
../../packages/sync/src/powersync-schema.ts(43,5): error TS2322: Type 'Column' is not assignable to type 'BaseColumnType<any>'.
  Types of property 'type' are incompatible.
    Type 'ColumnType | undefined' is not assignable to type 'ColumnType'.
      Type 'undefined' is not assignable to type 'ColumnType'.
../../packages/sync/src/powersync-schema.ts(43,28): error TS2345: Argument of type '{ type: ColumnType.TEXT; }' is not assignable to parameter of type 'ColumnOptions'.
  Property 'name' is missing in type '{ type: ColumnType.TEXT; }' but required in type 'ColumnOptions'.
../../packages/sync/src/powersync-schema.ts(44,5): error TS2322: Type 'Column' is not assignable to type 'BaseColumnType<any>'.
  Types of property 'type' are incompatible.
    Type 'ColumnType | undefined' is not assignable to type 'ColumnType'.
      Type 'undefined' is not assignable to type 'ColumnType'.
../../packages/sync/src/powersync-schema.ts(44,28): error TS2345: Argument of type '{ type: ColumnType.TEXT; }' is not assignable to parameter of type 'ColumnOptions'.
  Property 'name' is missing in type '{ type: ColumnType.TEXT; }' but required in type 'ColumnOptions'.
../../packages/sync/src/powersync-schema.ts(45,5): error TS2322: Type 'Column' is not assignable to type 'BaseColumnType<any>'.
  Types of property 'type' are incompatible.
    Type 'ColumnType | undefined' is not assignable to type 'ColumnType'.
      Type 'undefined' is not assignable to type 'ColumnType'.
../../packages/sync/src/powersync-schema.ts(45,28): error TS2345: Argument of type '{ type: ColumnType.INTEGER; }' is not assignable to parameter of type 'ColumnOptions'.
  Property 'name' is missing in type '{ type: ColumnType.INTEGER; }' but required in type 'ColumnOptions'.
../../packages/sync/src/powersync-schema.ts(46,5): error TS2322: Type 'Column' is not assignable to type 'BaseColumnType<any>'.
  Types of property 'type' are incompatible.
    Type 'ColumnType | undefined' is not assignable to type 'ColumnType'.
      Type 'undefined' is not assignable to type 'ColumnType'.
../../packages/sync/src/powersync-schema.ts(46,28): error TS2345: Argument of type '{ type: ColumnType.INTEGER; }' is not assignable to parameter of type 'ColumnOptions'.
  Property 'name' is missing in type '{ type: ColumnType.INTEGER; }' but required in type 'ColumnOptions'.
../../packages/sync/src/powersync-schema.ts(47,5): error TS2322: Type 'Column' is not assignable to type 'BaseColumnType<any>'.
  Types of property 'type' are incompatible.
    Type 'ColumnType | undefined' is not assignable to type 'ColumnType'.
      Type 'undefined' is not assignable to type 'ColumnType'.
../../packages/sync/src/powersync-schema.ts(47,28): error TS2345: Argument of type '{ type: ColumnType.TEXT; }' is not assignable to parameter of type 'ColumnOptions'.
  Property 'name' is missing in type '{ type: ColumnType.TEXT; }' but required in type 'ColumnOptions'.
../../packages/sync/src/powersync-schema.ts(48,5): error TS2322: Type 'Column' is not assignable to type 'BaseColumnType<any>'.
  Types of property 'type' are incompatible.
    Type 'ColumnType | undefined' is not assignable to type 'ColumnType'.
      Type 'undefined' is not assignable to type 'ColumnType'.
../../packages/sync/src/powersync-schema.ts(48,28): error TS2345: Argument of type '{ type: ColumnType.TEXT; }' is not assignable to parameter of type 'ColumnOptions'.
  Property 'name' is missing in type '{ type: ColumnType.TEXT; }' but required in type 'ColumnOptions'.
../../packages/sync/src/powersync-schema.ts(49,5): error TS2322: Type 'Column' is not assignable to type 'BaseColumnType<any>'.
  Types of property 'type' are incompatible.
    Type 'ColumnType | undefined' is not assignable to type 'ColumnType'.
      Type 'undefined' is not assignable to type 'ColumnType'.
../../packages/sync/src/powersync-schema.ts(49,28): error TS2345: Argument of type '{ type: ColumnType.TEXT; }' is not assignable to parameter of type 'ColumnOptions'.
  Property 'name' is missing in type '{ type: ColumnType.TEXT; }' but required in type 'ColumnOptions'.
../../packages/sync/src/powersync-schema.ts(56,5): error TS2322: Type 'Column' is not assignable to type 'BaseColumnType<any>'.
  Types of property 'type' are incompatible.
    Type 'ColumnType | undefined' is not assignable to type 'ColumnType'.
      Type 'undefined' is not assignable to type 'ColumnType'.
../../packages/sync/src/powersync-schema.ts(56,30): error TS2345: Argument of type '{ type: ColumnType.TEXT; }' is not assignable to parameter of type 'ColumnOptions'.
  Property 'name' is missing in type '{ type: ColumnType.TEXT; }' but required in type 'ColumnOptions'.
../../packages/sync/src/powersync-schema.ts(57,5): error TS2322: Type 'Column' is not assignable to type 'BaseColumnType<any>'.
  Types of property 'type' are incompatible.
    Type 'ColumnType | undefined' is not assignable to type 'ColumnType'.
      Type 'undefined' is not assignable to type 'ColumnType'.
../../packages/sync/src/powersync-schema.ts(57,30): error TS2345: Argument of type '{ type: ColumnType.TEXT; }' is not assignable to parameter of type 'ColumnOptions'.
  Property 'name' is missing in type '{ type: ColumnType.TEXT; }' but required in type 'ColumnOptions'.
../../packages/sync/src/powersync-schema.ts(58,5): error TS2322: Type 'Column' is not assignable to type 'BaseColumnType<any>'.
  Types of property 'type' are incompatible.
    Type 'ColumnType | undefined' is not assignable to type 'ColumnType'.
      Type 'undefined' is not assignable to type 'ColumnType'.
../../packages/sync/src/powersync-schema.ts(58,30): error TS2345: Argument of type '{ type: ColumnType.TEXT; }' is not assignable to parameter of type 'ColumnOptions'.
  Property 'name' is missing in type '{ type: ColumnType.TEXT; }' but required in type 'ColumnOptions'.
../../packages/sync/src/powersync-schema.ts(59,5): error TS2322: Type 'Column' is not assignable to type 'BaseColumnType<any>'.
  Types of property 'type' are incompatible.
    Type 'ColumnType | undefined' is not assignable to type 'ColumnType'.
      Type 'undefined' is not assignable to type 'ColumnType'.
../../packages/sync/src/powersync-schema.ts(59,30): error TS2345: Argument of type '{ type: ColumnType.INTEGER; }' is not assignable to parameter of type 'ColumnOptions'.
  Property 'name' is missing in type '{ type: ColumnType.INTEGER; }' but required in type 'ColumnOptions'.
../../packages/sync/src/powersync-schema.ts(60,5): error TS2322: Type 'Column' is not assignable to type 'BaseColumnType<any>'.
  Types of property 'type' are incompatible.
    Type 'ColumnType | undefined' is not assignable to type 'ColumnType'.
      Type 'undefined' is not assignable to type 'ColumnType'.
../../packages/sync/src/powersync-schema.ts(60,30): error TS2345: Argument of type '{ type: ColumnType.TEXT; }' is not assignable to parameter of type 'ColumnOptions'.
  Property 'name' is missing in type '{ type: ColumnType.TEXT; }' but required in type 'ColumnOptions'.
../../packages/sync/src/powersync-schema.ts(61,5): error TS2322: Type 'Column' is not assignable to type 'BaseColumnType<any>'.
  Types of property 'type' are incompatible.
    Type 'ColumnType | undefined' is not assignable to type 'ColumnType'.
      Type 'undefined' is not assignable to type 'ColumnType'.
../../packages/sync/src/powersync-schema.ts(61,30): error TS2345: Argument of type '{ type: ColumnType.TEXT; }' is not assignable to parameter of type 'ColumnOptions'.
  Property 'name' is missing in type '{ type: ColumnType.TEXT; }' but required in type 'ColumnOptions'.
../../packages/sync/src/powersync-schema.ts(62,5): error TS2322: Type 'Column' is not assignable to type 'BaseColumnType<any>'.
  Types of property 'type' are incompatible.
    Type 'ColumnType | undefined' is not assignable to type 'ColumnType'.
      Type 'undefined' is not assignable to type 'ColumnType'.
../../packages/sync/src/powersync-schema.ts(62,30): error TS2345: Argument of type '{ type: ColumnType.TEXT; }' is not assignable to parameter of type 'ColumnOptions'.
  Property 'name' is missing in type '{ type: ColumnType.TEXT; }' but required in type 'ColumnOptions'.
../../packages/sync/src/powersync-schema.ts(69,5): error TS2322: Type 'Column' is not assignable to type 'BaseColumnType<any>'.
  Types of property 'type' are incompatible.
    Type 'ColumnType | undefined' is not assignable to type 'ColumnType'.
      Type 'undefined' is not assignable to type 'ColumnType'.
../../packages/sync/src/powersync-schema.ts(69,28): error TS2345: Argument of type '{ type: ColumnType.TEXT; }' is not assignable to parameter of type 'ColumnOptions'.
  Property 'name' is missing in type '{ type: ColumnType.TEXT; }' but required in type 'ColumnOptions'.
../../packages/sync/src/powersync-schema.ts(70,5): error TS2322: Type 'Column' is not assignable to type 'BaseColumnType<any>'.
  Types of property 'type' are incompatible.
    Type 'ColumnType | undefined' is not assignable to type 'ColumnType'.
      Type 'undefined' is not assignable to type 'ColumnType'.
../../packages/sync/src/powersync-schema.ts(70,28): error TS2345: Argument of type '{ type: ColumnType.TEXT; }' is not assignable to parameter of type 'ColumnOptions'.
  Property 'name' is missing in type '{ type: ColumnType.TEXT; }' but required in type 'ColumnOptions'.
../../packages/sync/src/powersync-schema.ts(71,5): error TS2322: Type 'Column' is not assignable to type 'BaseColumnType<any>'.
  Types of property 'type' are incompatible.
    Type 'ColumnType | undefined' is not assignable to type 'ColumnType'.
      Type 'undefined' is not assignable to type 'ColumnType'.
../../packages/sync/src/powersync-schema.ts(71,28): error TS2345: Argument of type '{ type: ColumnType.INTEGER; }' is not assignable to parameter of type 'ColumnOptions'.
  Property 'name' is missing in type '{ type: ColumnType.INTEGER; }' but required in type 'ColumnOptions'.
../../packages/sync/src/powersync-schema.ts(72,5): error TS2322: Type 'Column' is not assignable to type 'BaseColumnType<any>'.
  Types of property 'type' are incompatible.
    Type 'ColumnType | undefined' is not assignable to type 'ColumnType'.
      Type 'undefined' is not assignable to type 'ColumnType'.
../../packages/sync/src/powersync-schema.ts(72,28): error TS2345: Argument of type '{ type: ColumnType.INTEGER; }' is not assignable to parameter of type 'ColumnOptions'.
  Property 'name' is missing in type '{ type: ColumnType.INTEGER; }' but required in type 'ColumnOptions'.
../../packages/sync/src/powersync-schema.ts(73,5): error TS2322: Type 'Column' is not assignable to type 'BaseColumnType<any>'.
  Types of property 'type' are incompatible.
    Type 'ColumnType | undefined' is not assignable to type 'ColumnType'.
      Type 'undefined' is not assignable to type 'ColumnType'.
../../packages/sync/src/powersync-schema.ts(73,28): error TS2345: Argument of type '{ type: ColumnType.INTEGER; }' is not assignable to parameter of type 'ColumnOptions'.
  Property 'name' is missing in type '{ type: ColumnType.INTEGER; }' but required in type 'ColumnOptions'.
../../packages/sync/src/powersync-schema.ts(74,5): error TS2322: Type 'Column' is not assignable to type 'BaseColumnType<any>'.
  Types of property 'type' are incompatible.
    Type 'ColumnType | undefined' is not assignable to type 'ColumnType'.
      Type 'undefined' is not assignable to type 'ColumnType'.
../../packages/sync/src/powersync-schema.ts(74,28): error TS2345: Argument of type '{ type: ColumnType.TEXT; }' is not assignable to parameter of type 'ColumnOptions'.
  Property 'name' is missing in type '{ type: ColumnType.TEXT; }' but required in type 'ColumnOptions'.
../../packages/sync/src/powersync-schema.ts(81,5): error TS2322: Type 'Column' is not assignable to type 'BaseColumnType<any>'.
  Types of property 'type' are incompatible.
    Type 'ColumnType | undefined' is not assignable to type 'ColumnType'.
      Type 'undefined' is not assignable to type 'ColumnType'.
../../packages/sync/src/powersync-schema.ts(81,30): error TS2345: Argument of type '{ type: ColumnType.TEXT; }' is not assignable to parameter of type 'ColumnOptions'.
  Property 'name' is missing in type '{ type: ColumnType.TEXT; }' but required in type 'ColumnOptions'.
../../packages/sync/src/powersync-schema.ts(82,5): error TS2322: Type 'Column' is not assignable to type 'BaseColumnType<any>'.
  Types of property 'type' are incompatible.
    Type 'ColumnType | undefined' is not assignable to type 'ColumnType'.
      Type 'undefined' is not assignable to type 'ColumnType'.
../../packages/sync/src/powersync-schema.ts(82,30): error TS2345: Argument of type '{ type: ColumnType.INTEGER; }' is not assignable to parameter of type 'ColumnOptions'.
  Property 'name' is missing in type '{ type: ColumnType.INTEGER; }' but required in type 'ColumnOptions'.
../../packages/sync/src/powersync-schema.ts(83,5): error TS2322: Type 'Column' is not assignable to type 'BaseColumnType<any>'.
  Types of property 'type' are incompatible.
    Type 'ColumnType | undefined' is not assignable to type 'ColumnType'.
      Type 'undefined' is not assignable to type 'ColumnType'.
../../packages/sync/src/powersync-schema.ts(83,30): error TS2345: Argument of type '{ type: ColumnType.TEXT; }' is not assignable to parameter of type 'ColumnOptions'.
  Property 'name' is missing in type '{ type: ColumnType.TEXT; }' but required in type 'ColumnOptions'.
../../packages/sync/src/powersync-schema.ts(90,5): error TS2322: Type 'Column' is not assignable to type 'BaseColumnType<any>'.
  Types of property 'type' are incompatible.
    Type 'ColumnType | undefined' is not assignable to type 'ColumnType'.
      Type 'undefined' is not assignable to type 'ColumnType'.
../../packages/sync/src/powersync-schema.ts(90,31): error TS2345: Argument of type '{ type: ColumnType.TEXT; }' is not assignable to parameter of type 'ColumnOptions'.
  Property 'name' is missing in type '{ type: ColumnType.TEXT; }' but required in type 'ColumnOptions'.
../../packages/sync/src/powersync-schema.ts(91,5): error TS2322: Type 'Column' is not assignable to type 'BaseColumnType<any>'.
  Types of property 'type' are incompatible.
    Type 'ColumnType | undefined' is not assignable to type 'ColumnType'.
      Type 'undefined' is not assignable to type 'ColumnType'.
../../packages/sync/src/powersync-schema.ts(91,31): error TS2345: Argument of type '{ type: ColumnType.TEXT; }' is not assignable to parameter of type 'ColumnOptions'.
  Property 'name' is missing in type '{ type: ColumnType.TEXT; }' but required in type 'ColumnOptions'.
../../packages/sync/src/powersync-schema.ts(92,5): error TS2322: Type 'Column' is not assignable to type 'BaseColumnType<any>'.
  Types of property 'type' are incompatible.
    Type 'ColumnType | undefined' is not assignable to type 'ColumnType'.
      Type 'undefined' is not assignable to type 'ColumnType'.
../../packages/sync/src/powersync-schema.ts(92,31): error TS2345: Argument of type '{ type: ColumnType.TEXT; }' is not assignable to parameter of type 'ColumnOptions'.
  Property 'name' is missing in type '{ type: ColumnType.TEXT; }' but required in type 'ColumnOptions'.
../../packages/sync/src/powersync-schema.ts(93,5): error TS2322: Type 'Column' is not assignable to type 'BaseColumnType<any>'.
  Types of property 'type' are incompatible.
    Type 'ColumnType | undefined' is not assignable to type 'ColumnType'.
      Type 'undefined' is not assignable to type 'ColumnType'.
../../packages/sync/src/powersync-schema.ts(93,31): error TS2345: Argument of type '{ type: ColumnType.TEXT; }' is not assignable to parameter of type 'ColumnOptions'.
  Property 'name' is missing in type '{ type: ColumnType.TEXT; }' but required in type 'ColumnOptions'.
../../packages/sync/src/powersync-schema.ts(94,5): error TS2322: Type 'Column' is not assignable to type 'BaseColumnType<any>'.
  Types of property 'type' are incompatible.
    Type 'ColumnType | undefined' is not assignable to type 'ColumnType'.
      Type 'undefined' is not assignable to type 'ColumnType'.
../../packages/sync/src/powersync-schema.ts(94,31): error TS2345: Argument of type '{ type: ColumnType.TEXT; }' is not assignable to parameter of type 'ColumnOptions'.
  Property 'name' is missing in type '{ type: ColumnType.TEXT; }' but required in type 'ColumnOptions'.
npm error Lifecycle script `typecheck` failed with error:
npm error code 2
npm error path C:\Users\user\Desktop\saas\apps\mobile
npm error workspace @saas-pos/mobile@0.0.1
npm error location C:\Users\user\Desktop\saas\apps\mobile
npm error command failed
npm error command C:\Windows\system32\cmd.exe /d /s /c tsc --noEmit
